[debug] [2021-08-30T15:02:43.852Z] ----------------------------------------------------------------------
[debug] [2021-08-30T15:02:43.855Z] Command:       C:\Program Files\nodejs\node.exe C:\Users\Luis Gustavo\AppData\Roaming\npm\node_modules\firebase-tools\lib\bin\firebase.js init
[debug] [2021-08-30T15:02:43.855Z] CLI Version:   9.14.0
[debug] [2021-08-30T15:02:43.855Z] Platform:      win32
[debug] [2021-08-30T15:02:43.855Z] Node Version:  v14.16.1
[debug] [2021-08-30T15:02:43.856Z] Time:          Mon Aug 30 2021 12:02:43 GMT-0300 (Horário Padrão de Brasília)
[debug] [2021-08-30T15:02:43.856Z] ----------------------------------------------------------------------
[debug] 
[debug] [2021-08-30T15:02:43.863Z] > command requires scopes: ["email","openid","https://www.googleapis.com/auth/cloudplatformprojects.readonly","https://www.googleapis.com/auth/firebase","https://www.googleapis.com/auth/cloud-platform"]
[debug] [2021-08-30T15:02:43.863Z] > authorizing via signed-in user (luisgustavomacedo13@gmail.com)
[info] 
     ######## #### ########  ######## ########     ###     ######  ########
     ##        ##  ##     ## ##       ##     ##  ##   ##  ##       ##
     ######    ##  ########  ######   ########  #########  ######  ######
     ##        ##  ##    ##  ##       ##     ## ##     ##       ## ##
     ##       #### ##     ## ######## ########  ##     ##  ######  ########

You're about to initialize a Firebase project in this directory:

  C:\Users\Luis Gustavo\Dropbox\My PC (LAPTOP-MPO8S0TR)\Documents\MyProjects\clocker

Before we get started, keep in mind:

  * You are initializing within an existing Firebase project directory

[info] 
=== Project Setup
[info] 
[info] First, let's associate this project directory with a Firebase project.
[info] You can create multiple project aliases by running firebase use --add, 
[info] but for now we'll just set up a default project.
[info] 
[info] i  .firebaserc already has a default project, using clocker-a56d1. 
[debug] [2021-08-30T15:03:10.581Z] > refreshing access token with scopes: []
[debug] [2021-08-30T15:03:10.582Z] >>> HTTP REQUEST POST https://www.googleapis.com/oauth2/v3/token  
 <request body omitted>
[debug] [2021-08-30T15:03:10.882Z] <<< HTTP RESPONSE 200 {"date":"Mon, 30 Aug 2021 15:05:10 GMT","cache-control":"no-cache, no-store, max-age=0, must-revalidate","expires":"Mon, 01 Jan 1990 00:00:00 GMT","pragma":"no-cache","content-type":"application/json; charset=utf-8","vary":"X-Origin, Referer, Origin,Accept-Encoding","server":"scaffolding on HTTPServer2","x-xss-protection":"0","x-frame-options":"SAMEORIGIN","x-content-type-options":"nosniff","alt-svc":"h3=\":443\"; ma=2592000,h3-29=\":443\"; ma=2592000,h3-T051=\":443\"; ma=2592000,h3-Q050=\":443\"; ma=2592000,h3-Q046=\":443\"; ma=2592000,h3-Q043=\":443\"; ma=2592000,quic=\":443\"; ma=2592000; v=\"46,43\"","accept-ranges":"none","transfer-encoding":"chunked"}
[debug] [2021-08-30T15:03:10.909Z] >>> [apiv2][query] GET https://firebase.googleapis.com/v1beta1/projects/clocker-a56d1 [none]
[debug] [2021-08-30T15:03:12.049Z] <<< [apiv2][status] GET https://firebase.googleapis.com/v1beta1/projects/clocker-a56d1 200
[debug] [2021-08-30T15:03:12.049Z] <<< [apiv2][body] GET https://firebase.googleapis.com/v1beta1/projects/clocker-a56d1 {"projectId":"clocker-a56d1","projectNumber":"1064313414028","displayName":"Clocker","name":"projects/clocker-a56d1","resources":{"hostingSite":"clocker-a56d1","realtimeDatabaseInstance":"clocker-a56d1-default-rtdb"},"state":"ACTIVE"}
[info] 
=== Database Setup
[info] i  database: ensuring required API firebasedatabase.googleapis.com is enabled... 
[debug] [2021-08-30T15:03:12.051Z] > refreshing access token with scopes: ["email","https://www.googleapis.com/auth/cloud-platform","https://www.googleapis.com/auth/cloudplatformprojects.readonly","https://www.googleapis.com/auth/firebase","openid"]
[debug] [2021-08-30T15:03:12.051Z] >>> HTTP REQUEST POST https://www.googleapis.com/oauth2/v3/token  
 <request body omitted>
[debug] [2021-08-30T15:03:12.339Z] <<< HTTP RESPONSE 200 {"date":"Mon, 30 Aug 2021 15:05:11 GMT","pragma":"no-cache","cache-control":"no-cache, no-store, max-age=0, must-revalidate","expires":"Mon, 01 Jan 1990 00:00:00 GMT","content-type":"application/json; charset=utf-8","vary":"X-Origin, Referer, Origin,Accept-Encoding","server":"scaffolding on HTTPServer2","x-xss-protection":"0","x-frame-options":"SAMEORIGIN","x-content-type-options":"nosniff","alt-svc":"h3=\":443\"; ma=2592000,h3-29=\":443\"; ma=2592000,h3-T051=\":443\"; ma=2592000,h3-Q050=\":443\"; ma=2592000,h3-Q046=\":443\"; ma=2592000,h3-Q043=\":443\"; ma=2592000,quic=\":443\"; ma=2592000; v=\"46,43\"","accept-ranges":"none","transfer-encoding":"chunked"}
[debug] [2021-08-30T15:03:12.357Z] >>> HTTP REQUEST GET https://serviceusage.googleapis.com/v1/projects/clocker-a56d1/services/firebasedatabase.googleapis.com  
 
[debug] [2021-08-30T15:03:13.574Z] <<< HTTP RESPONSE 200 {"content-type":"application/json; charset=UTF-8","vary":"X-Origin, Referer, Origin,Accept-Encoding","date":"Mon, 30 Aug 2021 15:05:13 GMT","server":"ESF","cache-control":"private","x-xss-protection":"0","x-frame-options":"SAMEORIGIN","x-content-type-options":"nosniff","alt-svc":"h3=\":443\"; ma=2592000,h3-29=\":443\"; ma=2592000,h3-T051=\":443\"; ma=2592000,h3-Q050=\":443\"; ma=2592000,h3-Q046=\":443\"; ma=2592000,h3-Q043=\":443\"; ma=2592000,quic=\":443\"; ma=2592000; v=\"46,43\"","accept-ranges":"none","transfer-encoding":"chunked"}
[info] +  database: required API firebasedatabase.googleapis.com is enabled 
[info] 
[debug] [2021-08-30T15:03:13.577Z] > refreshing access token with scopes: []
[debug] [2021-08-30T15:03:13.577Z] >>> HTTP REQUEST POST https://www.googleapis.com/oauth2/v3/token  
 <request body omitted>
[debug] [2021-08-30T15:03:14.031Z] <<< HTTP RESPONSE 200 {"pragma":"no-cache","date":"Mon, 30 Aug 2021 15:05:13 GMT","expires":"Mon, 01 Jan 1990 00:00:00 GMT","cache-control":"no-cache, no-store, max-age=0, must-revalidate","content-type":"application/json; charset=utf-8","vary":"X-Origin, Referer, Origin,Accept-Encoding","server":"scaffolding on HTTPServer2","x-xss-protection":"0","x-frame-options":"SAMEORIGIN","x-content-type-options":"nosniff","alt-svc":"h3=\":443\"; ma=2592000,h3-29=\":443\"; ma=2592000,h3-T051=\":443\"; ma=2592000,h3-Q050=\":443\"; ma=2592000,h3-Q046=\":443\"; ma=2592000,h3-Q043=\":443\"; ma=2592000,quic=\":443\"; ma=2592000; v=\"46,43\"","accept-ranges":"none","transfer-encoding":"chunked"}
[debug] [2021-08-30T15:03:14.052Z] >>> [apiv2][query] GET https://firebase.googleapis.com/v1beta1/projects/clocker-a56d1 [none]
[debug] [2021-08-30T15:03:15.207Z] <<< [apiv2][status] GET https://firebase.googleapis.com/v1beta1/projects/clocker-a56d1 200
[debug] [2021-08-30T15:03:15.207Z] <<< [apiv2][body] GET https://firebase.googleapis.com/v1beta1/projects/clocker-a56d1 {"projectId":"clocker-a56d1","projectNumber":"1064313414028","displayName":"Clocker","name":"projects/clocker-a56d1","resources":{"hostingSite":"clocker-a56d1","realtimeDatabaseInstance":"clocker-a56d1-default-rtdb"},"state":"ACTIVE"}
[debug] [2021-08-30T15:03:15.208Z] > refreshing access token with scopes: ["email","https://www.googleapis.com/auth/cloud-platform","https://www.googleapis.com/auth/cloudplatformprojects.readonly","https://www.googleapis.com/auth/firebase","openid"]
[debug] [2021-08-30T15:03:15.208Z] >>> HTTP REQUEST POST https://www.googleapis.com/oauth2/v3/token  
 <request body omitted>
[debug] [2021-08-30T15:03:15.492Z] <<< HTTP RESPONSE 200 {"cache-control":"no-cache, no-store, max-age=0, must-revalidate","pragma":"no-cache","expires":"Mon, 01 Jan 1990 00:00:00 GMT","date":"Mon, 30 Aug 2021 15:05:15 GMT","content-type":"application/json; charset=utf-8","vary":"X-Origin, Referer, Origin,Accept-Encoding","server":"scaffolding on HTTPServer2","x-xss-protection":"0","x-frame-options":"SAMEORIGIN","x-content-type-options":"nosniff","alt-svc":"h3=\":443\"; ma=2592000,h3-29=\":443\"; ma=2592000,h3-T051=\":443\"; ma=2592000,h3-Q050=\":443\"; ma=2592000,h3-Q046=\":443\"; ma=2592000,h3-Q043=\":443\"; ma=2592000,quic=\":443\"; ma=2592000; v=\"46,43\"","accept-ranges":"none","transfer-encoding":"chunked"}
[debug] [2021-08-30T15:03:15.508Z] >>> HTTP REQUEST GET https://firebasedatabase.googleapis.com/v1beta/projects/clocker-a56d1/locations/-/instances/clocker-a56d1-default-rtdb  
 
[debug] [2021-08-30T15:03:16.772Z] <<< HTTP RESPONSE 200 {"content-type":"application/json; charset=UTF-8","vary":"X-Origin, Referer, Origin,Accept-Encoding","date":"Mon, 30 Aug 2021 15:05:16 GMT","server":"ESF","cache-control":"private","x-xss-protection":"0","x-frame-options":"SAMEORIGIN","x-content-type-options":"nosniff","alt-svc":"h3=\":443\"; ma=2592000,h3-29=\":443\"; ma=2592000,h3-T051=\":443\"; ma=2592000,h3-Q050=\":443\"; ma=2592000,h3-Q046=\":443\"; ma=2592000,h3-Q043=\":443\"; ma=2592000,quic=\":443\"; ma=2592000; v=\"46,43\"","accept-ranges":"none","transfer-encoding":"chunked"}
[info] 
[info] Firebase Realtime Database Security Rules allow you to define how your data should be
[info] structured and when your data can be read from and written to.
[info] 
[debug] [2021-08-30T15:03:29.354Z] >>> HTTP REQUEST GET https://clocker-a56d1-default-rtdb.firebaseio.com/.settings/rules.json  
 
[debug] [2021-08-30T15:03:30.036Z] <<< HTTP RESPONSE 200 {"server":"nginx","date":"Mon, 30 Aug 2021 15:05:29 GMT","content-type":"application/json; charset=utf-8","content-length":"121","connection":"keep-alive","access-control-allow-origin":"*","cache-control":"no-cache","strict-transport-security":"max-age=31556926; includeSubDomains; preload"}
[info] +  Database Rules for clocker-a56d1-default-rtdb have been written to database.rules.json. 
[info] Future modifications to database.rules.json will update Realtime Database Security Rules when you run
[info] firebase deploy.
[info] 
=== Functions Setup
[info] 
[info] A functions directory will be created in your project with a Node.js
[info] package pre-configured. Functions can be deployed with firebase deploy.
[info] 
[debug] [2021-08-30T15:03:30.042Z] > command requires scopes: ["email","openid","https://www.googleapis.com/auth/cloudplatformprojects.readonly","https://www.googleapis.com/auth/firebase","https://www.googleapis.com/auth/cloud-platform"]
[debug] [2021-08-30T15:03:30.042Z] > authorizing via signed-in user (luisgustavomacedo13@gmail.com)
[debug] [2021-08-30T15:03:30.042Z] [iam] checking project clocker-a56d1 for permissions ["firebase.projects.get"]
[debug] [2021-08-30T15:03:30.043Z] >>> HTTP REQUEST POST https://cloudresourcemanager.googleapis.com/v1/projects/clocker-a56d1:testIamPermissions  
 {"permissions":["firebase.projects.get"]}
[debug] [2021-08-30T15:03:31.085Z] <<< HTTP RESPONSE 200 {"content-type":"application/json; charset=UTF-8","vary":"X-Origin, Referer, Origin,Accept-Encoding","date":"Mon, 30 Aug 2021 15:05:30 GMT","server":"ESF","cache-control":"private","x-xss-protection":"0","x-frame-options":"SAMEORIGIN","x-content-type-options":"nosniff","server-timing":"gfet4t7; dur=721","alt-svc":"h3=\":443\"; ma=2592000,h3-29=\":443\"; ma=2592000,h3-T051=\":443\"; ma=2592000,h3-Q050=\":443\"; ma=2592000,h3-Q046=\":443\"; ma=2592000,h3-Q043=\":443\"; ma=2592000,quic=\":443\"; ma=2592000; v=\"46,43\"","accept-ranges":"none","transfer-encoding":"chunked"}
[debug] [2021-08-30T15:03:31.085Z] >>> HTTP REQUEST POST https://serviceusage.googleapis.com/v1/projects/clocker-a56d1/services/cloudfunctions.googleapis.com:enable  
 
[debug] [2021-08-30T15:03:31.086Z] >>> HTTP REQUEST POST https://serviceusage.googleapis.com/v1/projects/clocker-a56d1/services/runtimeconfig.googleapis.com:enable  
 
[debug] [2021-08-30T15:03:32.097Z] <<< HTTP RESPONSE 200 {"content-type":"application/json; charset=UTF-8","vary":"X-Origin, Referer, Origin,Accept-Encoding","date":"Mon, 30 Aug 2021 15:05:31 GMT","server":"ESF","cache-control":"private","x-xss-protection":"0","x-frame-options":"SAMEORIGIN","x-content-type-options":"nosniff","alt-svc":"h3=\":443\"; ma=2592000,h3-29=\":443\"; ma=2592000,h3-T051=\":443\"; ma=2592000,h3-Q050=\":443\"; ma=2592000,h3-Q046=\":443\"; ma=2592000,h3-Q043=\":443\"; ma=2592000,quic=\":443\"; ma=2592000; v=\"46,43\"","accept-ranges":"none","transfer-encoding":"chunked"}
[debug] [2021-08-30T15:03:32.157Z] <<< HTTP RESPONSE 200 {"content-type":"application/json; charset=UTF-8","vary":"X-Origin, Referer, Origin,Accept-Encoding","date":"Mon, 30 Aug 2021 15:05:31 GMT","server":"ESF","cache-control":"private","x-xss-protection":"0","x-frame-options":"SAMEORIGIN","x-content-type-options":"nosniff","alt-svc":"h3=\":443\"; ma=2592000,h3-29=\":443\"; ma=2592000,h3-T051=\":443\"; ma=2592000,h3-Q050=\":443\"; ma=2592000,h3-Q046=\":443\"; ma=2592000,h3-Q043=\":443\"; ma=2592000,quic=\":443\"; ma=2592000; v=\"46,43\"","accept-ranges":"none","transfer-encoding":"chunked"}
[info] +  Wrote functions/package.json 
[info] +  Wrote functions/tsconfig.json 
